execve("/usr/bin/xargs", ["xargs", "cd"], 0x7fffccfe42d8 /* 32 vars */) = 0
brk(NULL)                               = 0x7fffc5352000
arch_prctl(0x3001 /* ARCH_??? */, 0x7fffcd29bcf0) = -1 EINVAL (Invalid argument)
access("/etc/ld.so.preload", R_OK)      = -1 ENOENT (No such file or directory)
openat(AT_FDCWD, "/etc/ld.so.cache", O_RDONLY|O_CLOEXEC) = 3
fstat(3, {st_mode=S_IFREG|0644, st_size=29920, ...}) = 0
mmap(NULL, 29920, PROT_READ, MAP_PRIVATE, 3, 0) = 0x7fce44658000
close(3)                                = 0
openat(AT_FDCWD, "/lib/x86_64-linux-gnu/libc.so.6", O_RDONLY|O_CLOEXEC) = 3
read(3, "\177ELF\2\1\1\3\0\0\0\0\0\0\0\0\3\0>\0\1\0\0\0\360q\2\0\0\0\0\0"..., 832) = 832
pread64(3, "\6\0\0\0\4\0\0\0@\0\0\0\0\0\0\0@\0\0\0\0\0\0\0@\0\0\0\0\0\0\0"..., 784, 64) = 784
pread64(3, "\4\0\0\0\20\0\0\0\5\0\0\0GNU\0\2\0\0\300\4\0\0\0\3\0\0\0\0\0\0\0", 32, 848) = 32
pread64(3, "\4\0\0\0\24\0\0\0\3\0\0\0GNU\0cBR\340\305\370\2609W\242\345)q\235A\1"..., 68, 880) = 68
fstat(3, {st_mode=S_IFREG|0755, st_size=2029224, ...}) = 0
mmap(NULL, 8192, PROT_READ|PROT_WRITE, MAP_PRIVATE|MAP_ANONYMOUS, -1, 0) = 0x7fce44650000
pread64(3, "\6\0\0\0\4\0\0\0@\0\0\0\0\0\0\0@\0\0\0\0\0\0\0@\0\0\0\0\0\0\0"..., 784, 64) = 784
pread64(3, "\4\0\0\0\20\0\0\0\5\0\0\0GNU\0\2\0\0\300\4\0\0\0\3\0\0\0\0\0\0\0", 32, 848) = 32
pread64(3, "\4\0\0\0\24\0\0\0\3\0\0\0GNU\0cBR\340\305\370\2609W\242\345)q\235A\1"..., 68, 880) = 68
mmap(NULL, 2036952, PROT_READ, MAP_PRIVATE|MAP_DENYWRITE, 3, 0) = 0x7fce44450000
mprotect(0x7fce44475000, 1847296, PROT_NONE) = 0
mmap(0x7fce44475000, 1540096, PROT_READ|PROT_EXEC, MAP_PRIVATE|MAP_FIXED|MAP_DENYWRITE, 3, 0x25000) = 0x7fce44475000
mmap(0x7fce445ed000, 303104, PROT_READ, MAP_PRIVATE|MAP_FIXED|MAP_DENYWRITE, 3, 0x19d000) = 0x7fce445ed000
mmap(0x7fce44638000, 24576, PROT_READ|PROT_WRITE, MAP_PRIVATE|MAP_FIXED|MAP_DENYWRITE, 3, 0x1e7000) = 0x7fce44638000
mmap(0x7fce4463e000, 13528, PROT_READ|PROT_WRITE, MAP_PRIVATE|MAP_FIXED|MAP_ANONYMOUS, -1, 0) = 0x7fce4463e000
close(3)                                = 0
arch_prctl(ARCH_SET_FS, 0x7fce44651580) = 0
mprotect(0x7fce44638000, 12288, PROT_READ) = 0
mprotect(0x7fce446a3000, 4096, PROT_READ) = 0
mprotect(0x7fce4468d000, 4096, PROT_READ) = 0
munmap(0x7fce44658000, 29920)           = 0
openat(AT_FDCWD, "/proc/self/fd", O_RDONLY|O_NONBLOCK|O_CLOEXEC|O_DIRECTORY) = 3
fstat(3, {st_mode=S_IFDIR|0500, st_size=0, ...}) = 0
brk(NULL)                               = 0x7fffc5352000
brk(0x7fffc5373000)                     = 0x7fffc5373000
getdents64(3, /* 6 entries */, 32768)   = 144
getdents64(3, /* 0 entries */, 32768)   = 0
close(3)                                = 0
poll([{fd=0, events=POLLIN|POLLOUT}, {fd=1, events=POLLIN|POLLOUT}, {fd=2, events=POLLIN|POLLOUT}, {fd=3, events=POLLIN|POLLOUT}], 4, 0) = 4 ([{fd=0, revents=POLLIN|POLLHUP}, {fd=1, revents=POLLOUT}, {fd=2, revents=POLLOUT}, {fd=3, revents=POLLNVAL}])
fcntl(0, F_GETFD)                       = 0
fcntl(1, F_GETFD)                       = 0
fcntl(2, F_GETFD)                       = 0
getpid()                                = 1401
openat(AT_FDCWD, "/usr/lib/locale/locale-archive", O_RDONLY|O_CLOEXEC) = 3
fstat(3, {st_mode=S_IFREG|0644, st_size=3035952, ...}) = 0
mmap(NULL, 3035952, PROT_READ, MAP_PRIVATE, 3, 0) = 0x7fce4416a000
close(3)                                = 0
openat(AT_FDCWD, "/usr/share/locale/locale.alias", O_RDONLY|O_CLOEXEC) = 3
fstat(3, {st_mode=S_IFREG|0644, st_size=2996, ...}) = 0
read(3, "# Locale name alias data base.\n#"..., 4096) = 2996
read(3, "", 4096)                       = 0
close(3)                                = 0
openat(AT_FDCWD, "/usr/lib/locale/C.UTF-8/LC_IDENTIFICATION", O_RDONLY|O_CLOEXEC) = 3
fstat(3, {st_mode=S_IFREG|0644, st_size=252, ...}) = 0
mmap(NULL, 252, PROT_READ, MAP_PRIVATE, 3, 0) = 0x7fce44690000
close(3)                                = 0
openat(AT_FDCWD, "/usr/lib/x86_64-linux-gnu/gconv/gconv-modules.cache", O_RDONLY) = 3
fstat(3, {st_mode=S_IFREG|0644, st_size=27002, ...}) = 0
mmap(NULL, 27002, PROT_READ, MAP_SHARED, 3, 0) = 0x7fce44659000
close(3)                                = 0
openat(AT_FDCWD, "/usr/lib/locale/C.UTF-8/LC_MEASUREMENT", O_RDONLY|O_CLOEXEC) = 3
fstat(3, {st_mode=S_IFREG|0644, st_size=23, ...}) = 0
mmap(NULL, 23, PROT_READ, MAP_PRIVATE, 3, 0) = 0x7fce4468c000
close(3)                                = 0
openat(AT_FDCWD, "/usr/lib/locale/C.UTF-8/LC_TELEPHONE", O_RDONLY|O_CLOEXEC) = 3
fstat(3, {st_mode=S_IFREG|0644, st_size=47, ...}) = 0
mmap(NULL, 47, PROT_READ, MAP_PRIVATE, 3, 0) = 0x7fce44658000
close(3)                                = 0
openat(AT_FDCWD, "/usr/lib/locale/C.UTF-8/LC_ADDRESS", O_RDONLY|O_CLOEXEC) = 3
fstat(3, {st_mode=S_IFREG|0644, st_size=131, ...}) = 0
mmap(NULL, 131, PROT_READ, MAP_PRIVATE, 3, 0) = 0x7fce44657000
close(3)                                = 0
openat(AT_FDCWD, "/usr/lib/locale/C.UTF-8/LC_NAME", O_RDONLY|O_CLOEXEC) = 3
fstat(3, {st_mode=S_IFREG|0644, st_size=62, ...}) = 0
mmap(NULL, 62, PROT_READ, MAP_PRIVATE, 3, 0) = 0x7fce44656000
close(3)                                = 0
openat(AT_FDCWD, "/usr/lib/locale/C.UTF-8/LC_PAPER", O_RDONLY|O_CLOEXEC) = 3
fstat(3, {st_mode=S_IFREG|0644, st_size=34, ...}) = 0
mmap(NULL, 34, PROT_READ, MAP_PRIVATE, 3, 0) = 0x7fce44655000
close(3)                                = 0
openat(AT_FDCWD, "/usr/lib/locale/C.UTF-8/LC_MESSAGES", O_RDONLY|O_CLOEXEC) = 3
fstat(3, {st_mode=S_IFDIR|0755, st_size=4096, ...}) = 0
close(3)                                = 0
openat(AT_FDCWD, "/usr/lib/locale/C.UTF-8/LC_MESSAGES/SYS_LC_MESSAGES", O_RDONLY|O_CLOEXEC) = 3
fstat(3, {st_mode=S_IFREG|0644, st_size=48, ...}) = 0
mmap(NULL, 48, PROT_READ, MAP_PRIVATE, 3, 0) = 0x7fce44654000
close(3)                                = 0
openat(AT_FDCWD, "/usr/lib/locale/C.UTF-8/LC_MONETARY", O_RDONLY|O_CLOEXEC) = 3
fstat(3, {st_mode=S_IFREG|0644, st_size=270, ...}) = 0
mmap(NULL, 270, PROT_READ, MAP_PRIVATE, 3, 0) = 0x7fce44653000
close(3)                                = 0
openat(AT_FDCWD, "/usr/lib/locale/C.UTF-8/LC_COLLATE", O_RDONLY|O_CLOEXEC) = 3
fstat(3, {st_mode=S_IFREG|0644, st_size=1518110, ...}) = 0
mmap(NULL, 1518110, PROT_READ, MAP_PRIVATE, 3, 0) = 0x7fce43ff7000
close(3)                                = 0
openat(AT_FDCWD, "/usr/lib/locale/C.UTF-8/LC_TIME", O_RDONLY|O_CLOEXEC) = 3
fstat(3, {st_mode=S_IFREG|0644, st_size=3360, ...}) = 0
mmap(NULL, 3360, PROT_READ, MAP_PRIVATE, 3, 0) = 0x7fce44652000
close(3)                                = 0
openat(AT_FDCWD, "/usr/lib/locale/C.UTF-8/LC_NUMERIC", O_RDONLY|O_CLOEXEC) = 3
fstat(3, {st_mode=S_IFREG|0644, st_size=50, ...}) = 0
mmap(NULL, 50, PROT_READ, MAP_PRIVATE, 3, 0) = 0x7fce4464f000
close(3)                                = 0
openat(AT_FDCWD, "/usr/lib/locale/C.UTF-8/LC_CTYPE", O_RDONLY|O_CLOEXEC) = 3
fstat(3, {st_mode=S_IFREG|0644, st_size=201272, ...}) = 0
mmap(NULL, 201272, PROT_READ, MAP_PRIVATE, 3, 0) = 0x7fce43fc5000
close(3)                                = 0
prlimit64(0, RLIMIT_STACK, NULL, {rlim_cur=8192*1024, rlim_max=8192*1024}) = 0
prlimit64(0, RLIMIT_STACK, NULL, {rlim_cur=8192*1024, rlim_max=8192*1024}) = 0
rt_sigaction(SIGUSR1, {sa_handler=0x7fce44694a20, sa_mask=[], sa_flags=SA_RESTORER, sa_restorer=0x7fce44496210}, NULL, 8) = 0
rt_sigaction(SIGUSR2, {sa_handler=0x7fce44695ae0, sa_mask=[], sa_flags=SA_RESTORER, sa_restorer=0x7fce44496210}, NULL, 8) = 0
mmap(NULL, 135168, PROT_READ|PROT_WRITE, MAP_PRIVATE|MAP_ANONYMOUS, -1, 0) = 0x7fce43fa0000
mmap(NULL, 135168, PROT_READ|PROT_WRITE, MAP_PRIVATE|MAP_ANONYMOUS, -1, 0) = 0x7fce43f70000
rt_sigaction(SIGCHLD, {sa_handler=SIG_DFL, sa_mask=[CHLD], sa_flags=SA_RESTORER|SA_RESTART, sa_restorer=0x7fce44496210}, {sa_handler=SIG_DFL, sa_mask=[], sa_flags=SA_RESTORER, sa_restorer=0x7ff462bd6210}, 8) = 0
fstat(0, {st_mode=S_IFIFO|0600, st_size=0, ...}) = 0
read(0, "/home/dhruv/Documents/http0.9/se"..., 4096) = 38
read(0, "", 4096)                       = 0
pipe([3, 4])                            = 0
fcntl(4, F_SETFD, FD_CLOEXEC)           = 0
clone(child_stack=NULL, flags=CLONE_CHILD_CLEARTID|CLONE_CHILD_SETTID|SIGCHLD, child_tidptr=0x7fce44651850) = 1402
close(4)                                = 0
read(3, "\2\0\0\0", 4)                  = 4
close(3)                                = 0
--- SIGCHLD {si_signo=SIGCHLD, si_code=CLD_EXITED, si_pid=1402, si_uid=1000, si_status=127, si_utime=0, si_stime=0} ---
wait4(1402, [{WIFEXITED(s) && WEXITSTATUS(s) == 127}], 0, NULL) = 1402
getpid()                                = 1401
close(0)                                = 0
close(1)                                = 0
close(2)                                = 0
exit_group(127)                         = ?
+++ exited with 127 +++
